8/8/2017 1:15:12 PM, Info: Initializing SIMPLSharp Services...
8/8/2017 1:15:12 PM, Info: ProjectInfo successfully initialized.
8/8/2017 1:15:16 PM, Info: Commiting verification transaction...
8/8/2017 1:15:16 PM, Info: Saving project information...
8/8/2017 1:17:06 PM, Info: Initializing SIMPLSharp Services...
8/8/2017 1:17:06 PM, Info: ProjectInfo successfully initialized.
8/8/2017 1:17:09 PM, Info: Commiting verification transaction...
8/8/2017 1:17:09 PM, Info: Saving project information...
8/8/2017 1:39:51 PM, Info: Initializing SIMPLSharp Services...
8/8/2017 1:39:51 PM, Info: ProjectInfo successfully initialized.
8/8/2017 1:39:54 PM, Info: Commiting verification transaction...
8/8/2017 1:39:54 PM, Info: Saving project information...
8/8/2017 1:46:00 PM, Info: Initializing SIMPLSharp Services...
8/8/2017 1:46:00 PM, Info: ProjectInfo successfully initialized.
8/8/2017 1:46:02 PM, Info: Commiting verification transaction...
8/8/2017 1:46:02 PM, Info: Saving project information...
8/8/2017 1:46:22 PM, Info: Initializing SIMPLSharp Services...
8/8/2017 1:46:22 PM, Info: ProjectInfo successfully initialized.
8/8/2017 1:46:25 PM, Info: Commiting verification transaction...
8/8/2017 1:46:25 PM, Info: Saving project information...
8/8/2017 1:51:16 PM, Info: Initializing SIMPLSharp Services...
8/8/2017 1:51:16 PM, Info: ProjectInfo successfully initialized.
8/8/2017 1:51:19 PM, Info: Commiting verification transaction...
8/8/2017 1:51:19 PM, Info: Saving project information...
8/8/2017 3:36:29 PM, Info: Initializing SIMPLSharp Services...
8/8/2017 3:36:29 PM, Info: ProjectInfo successfully initialized.
8/8/2017 3:36:32 PM, Info: Commiting verification transaction...
8/8/2017 3:36:32 PM, Info: Saving project information...
8/8/2017 5:10:59 PM, Info: Initializing SIMPLSharp Services...
8/8/2017 5:10:59 PM, Info: ProjectInfo successfully initialized.
8/8/2017 5:11:02 PM, Info: Commiting verification transaction...
8/8/2017 5:11:02 PM, Info: Saving project information...
8/8/2017 5:11:29 PM, Info: Initializing SIMPLSharp Services...
8/8/2017 5:11:29 PM, Info: ProjectInfo successfully initialized.
8/8/2017 5:11:31 PM, Info: Commiting verification transaction...
8/8/2017 5:11:31 PM, Info: Saving project information...
8/8/2017 5:11:44 PM, Info: Initializing SIMPLSharp Services...
8/8/2017 5:11:44 PM, Info: ProjectInfo successfully initialized.
8/8/2017 5:11:46 PM, Info: Commiting verification transaction...
8/8/2017 5:11:46 PM, Info: Saving project information...
8/8/2017 5:13:00 PM, Info: Initializing SIMPLSharp Services...
8/8/2017 5:13:00 PM, Info: ProjectInfo successfully initialized.
8/8/2017 5:13:02 PM, Info: Commiting verification transaction...
8/8/2017 5:13:02 PM, Info: Saving project information...
8/8/2017 5:28:53 PM, Info: Initializing SIMPLSharp Services...
8/8/2017 5:28:53 PM, Info: ProjectInfo successfully initialized.
8/8/2017 5:28:56 PM, Info: Commiting verification transaction...
8/8/2017 5:28:56 PM, Info: Saving project information...
8/8/2017 5:36:43 PM, Info: Initializing SIMPLSharp Services...
8/8/2017 5:36:43 PM, Info: ProjectInfo successfully initialized.
8/8/2017 5:36:46 PM, Info: Commiting verification transaction...
8/8/2017 5:36:46 PM, Info: Saving project information...
8/8/2017 5:36:53 PM, Info: Initializing SIMPLSharp Services...
8/8/2017 5:36:53 PM, Info: ProjectInfo successfully initialized.
8/8/2017 5:36:55 PM, Info: Commiting verification transaction...
8/8/2017 5:36:55 PM, Info: Saving project information...
8/8/2017 5:39:22 PM, Info: Initializing SIMPLSharp Services...
8/8/2017 5:39:22 PM, Info: ProjectInfo successfully initialized.
8/8/2017 5:39:24 PM, Info: Commiting verification transaction...
8/8/2017 5:39:24 PM, Info: Saving project information...
8/8/2017 5:39:48 PM, Info: Initializing SIMPLSharp Services...
8/8/2017 5:39:48 PM, Info: ProjectInfo successfully initialized.
8/8/2017 5:39:51 PM, Info: Commiting verification transaction...
8/8/2017 5:39:51 PM, Info: Saving project information...
8/8/2017 5:40:07 PM, Info: Initializing SIMPLSharp Services...
8/8/2017 5:40:07 PM, Info: ProjectInfo successfully initialized.
8/8/2017 5:40:10 PM, Info: Commiting verification transaction...
8/8/2017 5:40:10 PM, Info: Saving project information...
8/8/2017 5:42:19 PM, Info: Initializing SIMPLSharp Services...
8/8/2017 5:42:19 PM, Info: ProjectInfo successfully initialized.
8/8/2017 5:42:22 PM, Info: Commiting verification transaction...
8/8/2017 5:42:22 PM, Info: Saving project information...
8/8/2017 5:49:29 PM, Info: Initializing SIMPLSharp Services...
8/8/2017 5:49:29 PM, Info: ProjectInfo successfully initialized.
8/8/2017 5:49:32 PM, Info: Commiting verification transaction...
8/8/2017 5:49:32 PM, Info: Saving project information...
8/8/2017 5:51:59 PM, Info: Initializing SIMPLSharp Services...
8/8/2017 5:51:59 PM, Info: ProjectInfo successfully initialized.
8/8/2017 5:52:02 PM, Info: Commiting verification transaction...
8/8/2017 5:52:02 PM, Info: Saving project information...
8/8/2017 5:59:02 PM, Info: Initializing SIMPLSharp Services...
8/8/2017 5:59:02 PM, Info: ProjectInfo successfully initialized.
8/8/2017 5:59:05 PM, Info: Commiting verification transaction...
8/8/2017 5:59:05 PM, Info: Saving project information...
8/8/2017 5:59:25 PM, Info: Initializing SIMPLSharp Services...
8/8/2017 5:59:25 PM, Info: ProjectInfo successfully initialized.
8/8/2017 5:59:28 PM, Info: Commiting verification transaction...
8/8/2017 5:59:28 PM, Info: Saving project information...
8/8/2017 6:17:10 PM, Info: Initializing SIMPLSharp Services...
8/8/2017 6:17:10 PM, Info: ProjectInfo successfully initialized.
8/8/2017 6:17:13 PM, Info: Commiting verification transaction...
8/8/2017 6:17:13 PM, Info: Saving project information...
8/8/2017 6:26:58 PM, Info: Initializing SIMPLSharp Services...
8/8/2017 6:26:58 PM, Info: ProjectInfo successfully initialized.
8/8/2017 6:27:00 PM, Info: Commiting verification transaction...
8/8/2017 6:27:00 PM, Info: Saving project information...
8/9/2017 7:21:01 AM, Info: Terminating SIMPLSharp Services
8/9/2017 7:21:01 AM, Info: Saving project information...
8/9/2017 7:21:01 AM, Info: Terminating SIMPLSharp Services
8/9/2017 7:21:01 AM, Info: Saving project information...
8/9/2017 7:21:01 AM, Info: Terminating SIMPLSharp Services
8/9/2017 7:21:01 AM, Info: Saving project information...
8/9/2017 7:21:01 AM, Info: Terminating SIMPLSharp Services
8/9/2017 7:21:01 AM, Info: Saving project information...
8/9/2017 7:21:01 AM, Info: Terminating SIMPLSharp Services
8/9/2017 7:21:01 AM, Info: Saving project information...
8/9/2017 7:21:01 AM, Info: Terminating SIMPLSharp Services
8/9/2017 7:21:01 AM, Info: Saving project information...
8/9/2017 7:21:01 AM, Info: Terminating SIMPLSharp Services
8/9/2017 7:21:01 AM, Info: Saving project information...
8/9/2017 7:21:01 AM, Info: Terminating SIMPLSharp Services
8/9/2017 7:21:01 AM, Info: Saving project information...
8/9/2017 7:21:01 AM, Info: Terminating SIMPLSharp Services
8/9/2017 7:21:01 AM, Info: Saving project information...
8/9/2017 7:21:01 AM, Info: Terminating SIMPLSharp Services
8/9/2017 7:21:01 AM, Info: Saving project information...
8/9/2017 7:21:01 AM, Info: Terminating SIMPLSharp Services
8/9/2017 7:21:01 AM, Info: Saving project information...
8/9/2017 7:21:01 AM, Info: Terminating SIMPLSharp Services
8/9/2017 7:21:01 AM, Info: Saving project information...
8/9/2017 7:21:01 AM, Info: Terminating SIMPLSharp Services
8/9/2017 7:21:01 AM, Info: Saving project information...
8/9/2017 7:21:01 AM, Info: Terminating SIMPLSharp Services
8/9/2017 7:21:01 AM, Info: Saving project information...
8/9/2017 7:21:01 AM, Info: Terminating SIMPLSharp Services
8/9/2017 7:21:01 AM, Info: Saving project information...
8/9/2017 7:21:01 AM, Info: Terminating SIMPLSharp Services
8/9/2017 7:21:01 AM, Info: Saving project information...
8/9/2017 7:21:01 AM, Info: Terminating SIMPLSharp Services
8/9/2017 7:21:01 AM, Info: Saving project information...
8/9/2017 7:21:01 AM, Info: Terminating SIMPLSharp Services
8/9/2017 7:21:01 AM, Info: Saving project information...
8/9/2017 7:21:01 AM, Info: Terminating SIMPLSharp Services
8/9/2017 7:21:01 AM, Info: Saving project information...
8/9/2017 7:21:01 AM, Info: Terminating SIMPLSharp Services
8/9/2017 7:21:01 AM, Info: Saving project information...
8/9/2017 7:21:01 AM, Info: Terminating SIMPLSharp Services
8/9/2017 7:21:01 AM, Info: Saving project information...
8/9/2017 7:21:01 AM, Info: Terminating SIMPLSharp Services
8/9/2017 7:21:01 AM, Info: Saving project information...
8/9/2017 7:21:01 AM, Info: Terminating SIMPLSharp Services
8/9/2017 7:21:01 AM, Info: Saving project information...
8/9/2017 7:21:01 AM, Info: Terminating SIMPLSharp Services
